<?xml version="1.0" encoding="UTF-8"?>
<testng-results ignored="0" total="6" passed="6" failed="0" skipped="0">
  <reporter-output>
  </reporter-output>
  <suite started-at="2021-06-17T00:48:58 IST" name="Suite" finished-at="2021-06-17T00:48:59 IST" duration-ms="133">
    <groups>
    </groups>
    <test started-at="2021-06-17T00:48:58 IST" name="Test" finished-at="2021-06-17T00:48:59 IST" duration-ms="133">
      <class name="qaclickacademy.AppiumTest">
        <test-method signature="IOSapps()[pri:0, instance:qaclickacademy.AppiumTest@197d671]" started-at="2021-06-17T00:48:59 IST" name="IOSapps" finished-at="2021-06-17T00:48:59 IST" duration-ms="11" status="PASS">
          <reporter-output>
          </reporter-output>
        </test-method> <!-- IOSapps -->
        <test-method signature="NativeAppAndroid()[pri:0, instance:qaclickacademy.AppiumTest@197d671]" started-at="2021-06-17T00:48:59 IST" name="NativeAppAndroid" finished-at="2021-06-17T00:48:59 IST" duration-ms="1" status="PASS">
          <reporter-output>
          </reporter-output>
        </test-method> <!-- NativeAppAndroid -->
      </class> <!-- qaclickacademy.AppiumTest -->
      <class name="qaclickacademy.RESTAPITest">
        <test-method signature="deleteTwitter()[pri:0, instance:qaclickacademy.RESTAPITest@75f32542]" started-at="2021-06-17T00:48:59 IST" name="deleteTwitter" finished-at="2021-06-17T00:48:59 IST" duration-ms="1" status="PASS">
          <reporter-output>
          </reporter-output>
        </test-method> <!-- deleteTwitter -->
        <test-method signature="postJIRA()[pri:0, instance:qaclickacademy.RESTAPITest@75f32542]" started-at="2021-06-17T00:48:59 IST" name="postJIRA" finished-at="2021-06-17T00:48:59 IST" duration-ms="0" status="PASS">
          <reporter-output>
          </reporter-output>
        </test-method> <!-- postJIRA -->
      </class> <!-- qaclickacademy.RESTAPITest -->
      <class name="qaclickacademy.SeleniumTest">
        <test-method signature="BrowserAutomation()[pri:0, instance:qaclickacademy.SeleniumTest@7692d9cc]" started-at="2021-06-17T00:48:59 IST" name="BrowserAutomation" finished-at="2021-06-17T00:48:59 IST" duration-ms="4" status="PASS">
          <reporter-output>
          </reporter-output>
        </test-method> <!-- BrowserAutomation -->
        <test-method signature="elementsUI()[pri:0, instance:qaclickacademy.SeleniumTest@7692d9cc]" started-at="2021-06-17T00:48:59 IST" name="elementsUI" finished-at="2021-06-17T00:48:59 IST" duration-ms="0" status="PASS">
          <reporter-output>
          </reporter-output>
        </test-method> <!-- elementsUI -->
      </class> <!-- qaclickacademy.SeleniumTest -->
    </test> <!-- Test -->
  </suite> <!-- Suite -->
</testng-results>
